#
# There is insufficient memory for the Java Runtime Environment to continue.
# Native memory allocation (malloc) failed to allocate 32784 bytes. Error detail: Chunk::new
# Possible reasons:
#   The system is out of physical RAM or swap space
#   This process is running with CompressedOops enabled, and the Java Heap may be blocking the growth of the native heap
# Possible solutions:
#   Reduce memory load on the system
#   Increase physical memory or swap space
#   Check if swap backing store is full
#   Decrease Java heap size (-Xmx/-Xms)
#   Decrease number of Java threads
#   Decrease Java thread stack sizes (-Xss)
#   Set larger code cache with -XX:ReservedCodeCacheSize=
#   JVM is running with Unscaled Compressed Oops mode in which the Java heap is
#     placed in the first 4GB address space. The Java Heap base address is the
#     maximum limit for the native heap growth. Please use -XX:HeapBaseMinAddress
#     to set the Java Heap base and to place the Java Heap above 4GB virtual address.
# This output file may be truncated or incomplete.
#
#  Out of Memory Error (arena.cpp:150), pid=21900, tid=27488
#
# JRE version: Java(TM) SE Runtime Environment (22.0.2+9) (build 22.0.2+9-70)
# Java VM: Java HotSpot(TM) 64-Bit Server VM (22.0.2+9-70, mixed mode, sharing, tiered, compressed oops, compressed class ptrs, g1 gc, windows-amd64)
# No core dump will be written. Minidumps are not enabled by default on client versions of Windows
#

---------------  S U M M A R Y ------------

Command Line: -XX:+ShowCodeDetailsInExceptionMessages GUI.GUILogin

Host: AMD Ryzen 7 6800H with Radeon Graphics         , 16 cores, 7G,  Windows 11 , 64 bit Build 22621 (10.0.22621.4391)
Time: Wed Dec 11 17:43:47 2024 SE Asia Standard Time elapsed time: 186.137461 seconds (0d 0h 3m 6s)

---------------  T H R E A D  ---------------

Current thread (0x000002bd7f9d2af0):  JavaThread "C1 CompilerThread0" daemon [_thread_in_native, id=27488, stack(0x000000dbacf00000,0x000000dbad000000) (1024K)]


Current CompileTask:
C1:186137 2961   !   3       java.awt.DefaultKeyboardFocusManager::dispatchEvent (1625 bytes)

Stack: [0x000000dbacf00000,0x000000dbad000000]
Native frames: (J=compiled Java code, j=interpreted, Vv=VM code, C=native code)
V  [jvm.dll+0x6e26e9]  (no source info available)
V  [jvm.dll+0x875753]  (no source info available)
V  [jvm.dll+0x877b7e]  (no source info available)
V  [jvm.dll+0x878253]  (no source info available)
V  [jvm.dll+0x27fc86]  (no source info available)
V  [jvm.dll+0xc3d0f]  (no source info available)
V  [jvm.dll+0xc3f6b]  (no source info available)
V  [jvm.dll+0xcf41d]  (no source info available)
V  [jvm.dll+0x18b76c]  (no source info available)
V  [jvm.dll+0x18b62e]  (no source info available)
V  [jvm.dll+0x18e726]  (no source info available)
V  [jvm.dll+0x17d2ae]  (no source info available)
V  [jvm.dll+0x16b3b0]  (no source info available)
V  [jvm.dll+0x153d92]  (no source info available)
V  [jvm.dll+0x1535c3]  (no source info available)
V  [jvm.dll+0x1538a0]  (no source info available)
V  [jvm.dll+0x152c1d]  (no source info available)
V  [jvm.dll+0x154add]  (no source info available)
V  [jvm.dll+0x2568f3]  (no source info available)
V  [jvm.dll+0x254baa]  (no source info available)
V  [jvm.dll+0x3f57a6]  (no source info available)
V  [jvm.dll+0x81dc0b]  (no source info available)
V  [jvm.dll+0x6e0d85]  (no source info available)
C  [ucrtbase.dll+0x29333]  (no source info available)
C  [KERNEL32.DLL+0x1259d]  (no source info available)
C  [ntdll.dll+0x5af38]  (no source info available)


---------------  P R O C E S S  ---------------

Threads class SMR info:
_java_thread_list=0x000002bd6d583ad0, length=17, elements={
0x000002bd7f9922b0, 0x000002bd7f9931d0, 0x000002bd7f995e40, 0x000002bd7f9998c0,
0x000002bd7f99c330, 0x000002bd7f99cec0, 0x000002bd7f9b1020, 0x000002bd7f9d2af0,
0x000002bd1751d3f0, 0x000002bd175236c0, 0x000002bd17811020, 0x000002bd178191a0,
0x000002bd17820b00, 0x000002bd64f382d0, 0x000002bd6ce2edb0, 0x000002bd6ce30e80,
0x000002bd6ce307f0
}

Java Threads: ( => current thread )
  0x000002bd7f9922b0 JavaThread "Reference Handler"          daemon [_thread_blocked, id=2016, stack(0x000000dbac800000,0x000000dbac900000) (1024K)]
  0x000002bd7f9931d0 JavaThread "Finalizer"                  daemon [_thread_blocked, id=29324, stack(0x000000dbac900000,0x000000dbaca00000) (1024K)]
  0x000002bd7f995e40 JavaThread "Signal Dispatcher"          daemon [_thread_blocked, id=8712, stack(0x000000dbaca00000,0x000000dbacb00000) (1024K)]
  0x000002bd7f9998c0 JavaThread "Attach Listener"            daemon [_thread_blocked, id=2288, stack(0x000000dbacb00000,0x000000dbacc00000) (1024K)]
  0x000002bd7f99c330 JavaThread "Service Thread"             daemon [_thread_blocked, id=26648, stack(0x000000dbacc00000,0x000000dbacd00000) (1024K)]
  0x000002bd7f99cec0 JavaThread "Monitor Deflation Thread"   daemon [_thread_blocked, id=24592, stack(0x000000dbacd00000,0x000000dbace00000) (1024K)]
  0x000002bd7f9b1020 JavaThread "C2 CompilerThread0"         daemon [_thread_blocked, id=28852, stack(0x000000dbace00000,0x000000dbacf00000) (1024K)]
=>0x000002bd7f9d2af0 JavaThread "C1 CompilerThread0"         daemon [_thread_in_native, id=27488, stack(0x000000dbacf00000,0x000000dbad000000) (1024K)]
  0x000002bd1751d3f0 JavaThread "Notification Thread"        daemon [_thread_blocked, id=24860, stack(0x000000dbad100000,0x000000dbad200000) (1024K)]
  0x000002bd175236c0 JavaThread "Common-Cleaner"             daemon [_thread_blocked, id=23752, stack(0x000000dbad200000,0x000000dbad300000) (1024K)]
  0x000002bd17811020 JavaThread "Java2D Disposer"            daemon [_thread_blocked, id=9568, stack(0x000000dbad600000,0x000000dbad700000) (1024K)]
  0x000002bd178191a0 JavaThread "AWT-Shutdown"                      [_thread_blocked, id=19312, stack(0x000000dbad700000,0x000000dbad800000) (1024K)]
  0x000002bd17820b00 JavaThread "AWT-Windows"                daemon [_thread_in_native, id=20736, stack(0x000000dbad800000,0x000000dbad900000) (1024K)]
  0x000002bd64f382d0 JavaThread "AWT-EventQueue-0"                  [_thread_blocked, id=7712, stack(0x000000dbae970000,0x000000dbaea70000) (1024K)]
  0x000002bd6ce2edb0 JavaThread "DestroyJavaVM"                     [_thread_blocked, id=29080, stack(0x000000dbac000000,0x000000dbac100000) (1024K)]
  0x000002bd6ce30e80 JavaThread "D3D Screen Updater"         daemon [_thread_blocked, id=25844, stack(0x000000dbaed70000,0x000000dbaee70000) (1024K)]
  0x000002bd6ce307f0 JavaThread "TimerQueue"                 daemon [_thread_blocked, id=28392, stack(0x000000dbaee80000,0x000000dbaef80000) (1024K)]
Total: 17

Other Threads:
  0x000002bd7f975a60 VMThread "VM Thread"                           [id=24436, stack(0x000000dbac700000,0x000000dbac800000) (1024K)]
  0x000002bd7f962240 WatcherThread "VM Periodic Task Thread"        [id=28520, stack(0x000000dbac600000,0x000000dbac700000) (1024K)]
  0x000002bd79c10d20 WorkerThread "GC Thread#0"                     [id=17116, stack(0x000000dbac100000,0x000000dbac200000) (1024K)]
  0x000002bd64b9eed0 WorkerThread "GC Thread#1"                     [id=11960, stack(0x000000dbadd70000,0x000000dbade70000) (1024K)]
  0x000002bd6cd08b70 WorkerThread "GC Thread#2"                     [id=14120, stack(0x000000dbade70000,0x000000dbadf70000) (1024K)]
  0x000002bd6d33d3b0 WorkerThread "GC Thread#3"                     [id=22856, stack(0x000000dbadf70000,0x000000dbae070000) (1024K)]
  0x000002bd6ce343f0 WorkerThread "GC Thread#4"                     [id=10848, stack(0x000000dbae070000,0x000000dbae170000) (1024K)]
  0x000002bd6ce35660 WorkerThread "GC Thread#5"                     [id=17480, stack(0x000000dbae170000,0x000000dbae270000) (1024K)]
  0x000002bd6ce352b0 WorkerThread "GC Thread#6"                     [id=27704, stack(0x000000dbae270000,0x000000dbae370000) (1024K)]
  0x000002bd6ce347a0 WorkerThread "GC Thread#7"                     [id=28648, stack(0x000000dbae370000,0x000000dbae470000) (1024K)]
  0x000002bd6ce35a10 WorkerThread "GC Thread#8"                     [id=15324, stack(0x000000dbae470000,0x000000dbae570000) (1024K)]
  0x000002bd6ce34f00 WorkerThread "GC Thread#9"                     [id=3552, stack(0x000000dbae570000,0x000000dbae670000) (1024K)]
  0x000002bd6ce34040 WorkerThread "GC Thread#10"                    [id=3424, stack(0x000000dbae670000,0x000000dbae770000) (1024K)]
  0x000002bd6ce34b50 WorkerThread "GC Thread#11"                    [id=26404, stack(0x000000dbae770000,0x000000dbae870000) (1024K)]
  0x000002bd653056f0 WorkerThread "GC Thread#12"                    [id=17256, stack(0x000000dbae870000,0x000000dbae970000) (1024K)]
  0x000002bd79c206c0 ConcurrentGCThread "G1 Main Marker"            [id=13992, stack(0x000000dbac200000,0x000000dbac300000) (1024K)]
  0x000002bd79c211d0 WorkerThread "G1 Conc#0"                       [id=12096, stack(0x000000dbac300000,0x000000dbac400000) (1024K)]
  0x000002bd79c7e370 ConcurrentGCThread "G1 Refine#0"               [id=27960, stack(0x000000dbac400000,0x000000dbac500000) (1024K)]
  0x000002bd7f832980 ConcurrentGCThread "G1 Service"                [id=27300, stack(0x000000dbac500000,0x000000dbac600000) (1024K)]
Total: 19

Threads with active compile tasks:
C1 CompilerThread0  186232 2961   !   3       java.awt.DefaultKeyboardFocusManager::dispatchEvent (1625 bytes)
Total: 1

VM state: not at safepoint (normal execution)

VM Mutex/Monitor currently owned by a thread: None

Heap address: 0x000000008c000000, size: 1856 MB, Compressed Oops mode: 32-bit

CDS archive(s) mapped at: [0x000002bd18000000-0x000002bd18c60000-0x000002bd18c60000), size 12976128, SharedBaseAddress: 0x000002bd18000000, ArchiveRelocationMode: 1.
Compressed class space mapped at: 0x000002bd19000000-0x000002bd59000000, reserved size: 1073741824
Narrow klass base: 0x000002bd18000000, Narrow klass shift: 0, Narrow klass range: 0x41000000

GC Precious Log:
 CardTable entry size: 512
 Card Set container configuration: InlinePtr #cards 5 size 8 Array Of Cards #cards 12 size 40 Howl #buckets 4 coarsen threshold 1843 Howl Bitmap #cards 512 size 80 coarsen threshold 460 Card regions per heap region 1 cards per card region 2048
 CPUs: 16 total, 16 available
 Memory: 7421M
 Large Page Support: Disabled
 NUMA Support: Disabled
 Compressed Oops: Enabled (32-bit)
 Heap Region Size: 1M
 Heap Min Capacity: 8M
 Heap Initial Capacity: 116M
 Heap Max Capacity: 1856M
 Pre-touch: Disabled
 Parallel Workers: 13
 Concurrent Workers: 3
 Concurrent Refinement Workers: 13
 Periodic GC: Disabled

Heap:
 garbage-first heap   total reserved 1900544K, committed 118784K, used 62506K [0x000000008c000000, 0x0000000100000000)
  region size 1024K, 13 young (13312K), 3 survivors (3072K)
 Metaspace       used 19387K, committed 19648K, reserved 1114112K
  class space    used 2117K, committed 2240K, reserved 1048576K

Heap Regions: E=young(eden), S=young(survivor), O=old, HS=humongous(starts), HC=humongous(continues), CS=collection set, F=free, TAMS=top-at-mark-start, PB=parsable bottom
|   0|0x000000008c000000, 0x000000008c100000, 0x000000008c100000|100%|HS|  |TAMS 0x000000008c000000| PB 0x000000008c000000| Complete |  0
|   1|0x000000008c100000, 0x000000008c200000, 0x000000008c200000|100%|HS|  |TAMS 0x000000008c100000| PB 0x000000008c100000| Complete |  0
|   2|0x000000008c200000, 0x000000008c300000, 0x000000008c300000|100%|HC|  |TAMS 0x000000008c200000| PB 0x000000008c200000| Complete |  0
|   3|0x000000008c300000, 0x000000008c400000, 0x000000008c400000|100%|HC|  |TAMS 0x000000008c300000| PB 0x000000008c300000| Complete |  0
|   4|0x000000008c400000, 0x000000008c500000, 0x000000008c500000|100%|HS|  |TAMS 0x000000008c400000| PB 0x000000008c400000| Complete |  0
|   5|0x000000008c500000, 0x000000008c600000, 0x000000008c600000|100%|HC|  |TAMS 0x000000008c500000| PB 0x000000008c500000| Complete |  0
|   6|0x000000008c600000, 0x000000008c700000, 0x000000008c700000|100%|HC|  |TAMS 0x000000008c600000| PB 0x000000008c600000| Complete |  0
|   7|0x000000008c700000, 0x000000008c800000, 0x000000008c800000|100%|HC|  |TAMS 0x000000008c700000| PB 0x000000008c700000| Complete |  0
|   8|0x000000008c800000, 0x000000008c900000, 0x000000008c900000|100%|HC|  |TAMS 0x000000008c800000| PB 0x000000008c800000| Complete |  0
|   9|0x000000008c900000, 0x000000008ca00000, 0x000000008ca00000|100%|HC|  |TAMS 0x000000008c900000| PB 0x000000008c900000| Complete |  0
|  10|0x000000008ca00000, 0x000000008cb00000, 0x000000008cb00000|100%| O|  |TAMS 0x000000008ca00000| PB 0x000000008ca00000| Untracked |  0
|  11|0x000000008cb00000, 0x000000008cc00000, 0x000000008cc00000|100%| O|  |TAMS 0x000000008cb00000| PB 0x000000008cb00000| Untracked |  0
|  12|0x000000008cc00000, 0x000000008cd00000, 0x000000008cd00000|100%| O|  |TAMS 0x000000008cc00000| PB 0x000000008cc00000| Untracked |  0
|  13|0x000000008cd00000, 0x000000008ce00000, 0x000000008ce00000|100%|HS|  |TAMS 0x000000008cd00000| PB 0x000000008cd00000| Complete |  0
|  14|0x000000008ce00000, 0x000000008cf00000, 0x000000008cf00000|100%|HC|  |TAMS 0x000000008ce00000| PB 0x000000008ce00000| Complete |  0
|  15|0x000000008cf00000, 0x000000008d000000, 0x000000008d000000|100%|HS|  |TAMS 0x000000008cf00000| PB 0x000000008cf00000| Complete |  0
|  16|0x000000008d000000, 0x000000008d100000, 0x000000008d100000|100%|HC|  |TAMS 0x000000008d000000| PB 0x000000008d000000| Complete |  0
|  17|0x000000008d100000, 0x000000008d200000, 0x000000008d200000|100%|HS|  |TAMS 0x000000008d100000| PB 0x000000008d100000| Complete |  0
|  18|0x000000008d200000, 0x000000008d300000, 0x000000008d300000|100%|HC|  |TAMS 0x000000008d200000| PB 0x000000008d200000| Complete |  0
|  19|0x000000008d300000, 0x000000008d400000, 0x000000008d400000|100%|HS|  |TAMS 0x000000008d300000| PB 0x000000008d300000| Complete |  0
|  20|0x000000008d400000, 0x000000008d500000, 0x000000008d500000|100%|HC|  |TAMS 0x000000008d400000| PB 0x000000008d400000| Complete |  0
|  21|0x000000008d500000, 0x000000008d600000, 0x000000008d600000|100%|HS|  |TAMS 0x000000008d500000| PB 0x000000008d500000| Complete |  0
|  22|0x000000008d600000, 0x000000008d700000, 0x000000008d700000|100%|HC|  |TAMS 0x000000008d600000| PB 0x000000008d600000| Complete |  0
|  23|0x000000008d700000, 0x000000008d800000, 0x000000008d800000|100%|HS|  |TAMS 0x000000008d700000| PB 0x000000008d700000| Complete |  0
|  24|0x000000008d800000, 0x000000008d900000, 0x000000008d900000|100%|HC|  |TAMS 0x000000008d800000| PB 0x000000008d800000| Complete |  0
|  25|0x000000008d900000, 0x000000008da00000, 0x000000008da00000|100%|HS|  |TAMS 0x000000008d900000| PB 0x000000008d900000| Complete |  0
|  26|0x000000008da00000, 0x000000008db00000, 0x000000008db00000|100%|HC|  |TAMS 0x000000008da00000| PB 0x000000008da00000| Complete |  0
|  27|0x000000008db00000, 0x000000008dc00000, 0x000000008dc00000|100%|HS|  |TAMS 0x000000008db00000| PB 0x000000008db00000| Complete |  0
|  28|0x000000008dc00000, 0x000000008dd00000, 0x000000008dd00000|100%|HC|  |TAMS 0x000000008dc00000| PB 0x000000008dc00000| Complete |  0
|  29|0x000000008dd00000, 0x000000008de00000, 0x000000008de00000|100%|HS|  |TAMS 0x000000008dd00000| PB 0x000000008dd00000| Complete |  0
|  30|0x000000008de00000, 0x000000008df00000, 0x000000008df00000|100%|HC|  |TAMS 0x000000008de00000| PB 0x000000008de00000| Complete |  0
|  31|0x000000008df00000, 0x000000008e000000, 0x000000008e000000|100%|HS|  |TAMS 0x000000008df00000| PB 0x000000008df00000| Complete |  0
|  32|0x000000008e000000, 0x000000008e100000, 0x000000008e100000|100%|HC|  |TAMS 0x000000008e000000| PB 0x000000008e000000| Complete |  0
|  33|0x000000008e100000, 0x000000008e200000, 0x000000008e200000|100%|HS|  |TAMS 0x000000008e100000| PB 0x000000008e100000| Complete |  0
|  34|0x000000008e200000, 0x000000008e300000, 0x000000008e300000|100%|HC|  |TAMS 0x000000008e200000| PB 0x000000008e200000| Complete |  0
|  35|0x000000008e300000, 0x000000008e400000, 0x000000008e400000|100%|HS|  |TAMS 0x000000008e300000| PB 0x000000008e300000| Complete |  0
|  36|0x000000008e400000, 0x000000008e500000, 0x000000008e500000|100%|HC|  |TAMS 0x000000008e400000| PB 0x000000008e400000| Complete |  0
|  37|0x000000008e500000, 0x000000008e600000, 0x000000008e600000|100%|HS|  |TAMS 0x000000008e500000| PB 0x000000008e500000| Complete |  0
|  38|0x000000008e600000, 0x000000008e700000, 0x000000008e700000|100%|HC|  |TAMS 0x000000008e600000| PB 0x000000008e600000| Complete |  0
|  39|0x000000008e700000, 0x000000008e800000, 0x000000008e800000|100%|HS|  |TAMS 0x000000008e700000| PB 0x000000008e700000| Complete |  0
|  40|0x000000008e800000, 0x000000008e900000, 0x000000008e900000|100%|HC|  |TAMS 0x000000008e800000| PB 0x000000008e800000| Complete |  0
|  41|0x000000008e900000, 0x000000008ea00000, 0x000000008ea00000|100%|HS|  |TAMS 0x000000008e900000| PB 0x000000008e900000| Complete |  0
|  42|0x000000008ea00000, 0x000000008eb00000, 0x000000008eb00000|100%|HS|  |TAMS 0x000000008ea00000| PB 0x000000008ea00000| Complete |  0
|  43|0x000000008eb00000, 0x000000008ec00000, 0x000000008ec00000|100%|HC|  |TAMS 0x000000008eb00000| PB 0x000000008eb00000| Complete |  0
|  44|0x000000008ec00000, 0x000000008ed00000, 0x000000008ed00000|100%|HC|  |TAMS 0x000000008ec00000| PB 0x000000008ec00000| Complete |  0
|  45|0x000000008ed00000, 0x000000008ee00000, 0x000000008ee00000|100%|HC|  |TAMS 0x000000008ed00000| PB 0x000000008ed00000| Complete |  0
|  46|0x000000008ee00000, 0x000000008ef00000, 0x000000008ef00000|100%|HC|  |TAMS 0x000000008ee00000| PB 0x000000008ee00000| Complete |  0
|  47|0x000000008ef00000, 0x000000008f000000, 0x000000008f000000|100%| O|  |TAMS 0x000000008ef00000| PB 0x000000008ef00000| Untracked |  0
|  48|0x000000008f000000, 0x000000008f100000, 0x000000008f100000|100%| O|  |TAMS 0x000000008f000000| PB 0x000000008f000000| Untracked |  0
|  49|0x000000008f100000, 0x000000008f1d2590, 0x000000008f200000| 82%| O|  |TAMS 0x000000008f100000| PB 0x000000008f100000| Untracked |  0
|  50|0x000000008f200000, 0x000000008f200000, 0x000000008f300000|  0%| F|  |TAMS 0x000000008f200000| PB 0x000000008f200000| Untracked |  0
|  51|0x000000008f300000, 0x000000008f300000, 0x000000008f400000|  0%| F|  |TAMS 0x000000008f300000| PB 0x000000008f300000| Untracked |  0
|  52|0x000000008f400000, 0x000000008f400000, 0x000000008f500000|  0%| F|  |TAMS 0x000000008f400000| PB 0x000000008f400000| Untracked |  0
|  53|0x000000008f500000, 0x000000008f500000, 0x000000008f600000|  0%| F|  |TAMS 0x000000008f500000| PB 0x000000008f500000| Untracked |  0
|  54|0x000000008f600000, 0x000000008f600000, 0x000000008f700000|  0%| F|  |TAMS 0x000000008f600000| PB 0x000000008f600000| Untracked |  0
|  55|0x000000008f700000, 0x000000008f700000, 0x000000008f800000|  0%| F|  |TAMS 0x000000008f700000| PB 0x000000008f700000| Untracked |  0
|  56|0x000000008f800000, 0x000000008f800000, 0x000000008f900000|  0%| F|  |TAMS 0x000000008f800000| PB 0x000000008f800000| Untracked |  0
|  57|0x000000008f900000, 0x000000008f900000, 0x000000008fa00000|  0%| F|  |TAMS 0x000000008f900000| PB 0x000000008f900000| Untracked |  0
|  58|0x000000008fa00000, 0x000000008fa00000, 0x000000008fb00000|  0%| F|  |TAMS 0x000000008fa00000| PB 0x000000008fa00000| Untracked |  0
|  59|0x000000008fb00000, 0x000000008fb00000, 0x000000008fc00000|  0%| F|  |TAMS 0x000000008fb00000| PB 0x000000008fb00000| Untracked |  0
|  60|0x000000008fc00000, 0x000000008fc00000, 0x000000008fd00000|  0%| F|  |TAMS 0x000000008fc00000| PB 0x000000008fc00000| Untracked |  0
|  61|0x000000008fd00000, 0x000000008fd00000, 0x000000008fe00000|  0%| F|  |TAMS 0x000000008fd00000| PB 0x000000008fd00000| Untracked |  0
|  62|0x000000008fe00000, 0x000000008fe00000, 0x000000008ff00000|  0%| F|  |TAMS 0x000000008fe00000| PB 0x000000008fe00000| Untracked |  0
|  63|0x000000008ff00000, 0x000000008ff00000, 0x0000000090000000|  0%| F|  |TAMS 0x000000008ff00000| PB 0x000000008ff00000| Untracked |  0
|  64|0x0000000090000000, 0x0000000090000000, 0x0000000090100000|  0%| F|  |TAMS 0x0000000090000000| PB 0x0000000090000000| Untracked |  0
|  65|0x0000000090100000, 0x0000000090100000, 0x0000000090200000|  0%| F|  |TAMS 0x0000000090100000| PB 0x0000000090100000| Untracked |  0
|  66|0x0000000090200000, 0x0000000090200000, 0x0000000090300000|  0%| F|  |TAMS 0x0000000090200000| PB 0x0000000090200000| Untracked |  0
|  67|0x0000000090300000, 0x0000000090300000, 0x0000000090400000|  0%| F|  |TAMS 0x0000000090300000| PB 0x0000000090300000| Untracked |  0
|  68|0x0000000090400000, 0x0000000090400000, 0x0000000090500000|  0%| F|  |TAMS 0x0000000090400000| PB 0x0000000090400000| Untracked |  0
|  69|0x0000000090500000, 0x0000000090500000, 0x0000000090600000|  0%| F|  |TAMS 0x0000000090500000| PB 0x0000000090500000| Untracked |  0
|  70|0x0000000090600000, 0x0000000090600000, 0x0000000090700000|  0%| F|  |TAMS 0x0000000090600000| PB 0x0000000090600000| Untracked |  0
|  71|0x0000000090700000, 0x0000000090700000, 0x0000000090800000|  0%| F|  |TAMS 0x0000000090700000| PB 0x0000000090700000| Untracked |  0
|  72|0x0000000090800000, 0x0000000090800000, 0x0000000090900000|  0%| F|  |TAMS 0x0000000090800000| PB 0x0000000090800000| Untracked |  0
|  73|0x0000000090900000, 0x0000000090900000, 0x0000000090a00000|  0%| F|  |TAMS 0x0000000090900000| PB 0x0000000090900000| Untracked |  0
|  74|0x0000000090a00000, 0x0000000090a00000, 0x0000000090b00000|  0%| F|  |TAMS 0x0000000090a00000| PB 0x0000000090a00000| Untracked |  0
|  75|0x0000000090b00000, 0x0000000090b00000, 0x0000000090c00000|  0%| F|  |TAMS 0x0000000090b00000| PB 0x0000000090b00000| Untracked |  0
|  76|0x0000000090c00000, 0x0000000090c00000, 0x0000000090d00000|  0%| F|  |TAMS 0x0000000090c00000| PB 0x0000000090c00000| Untracked |  0
|  77|0x0000000090d00000, 0x0000000090d00000, 0x0000000090e00000|  0%| F|  |TAMS 0x0000000090d00000| PB 0x0000000090d00000| Untracked |  0
|  78|0x0000000090e00000, 0x0000000090e00000, 0x0000000090f00000|  0%| F|  |TAMS 0x0000000090e00000| PB 0x0000000090e00000| Untracked |  0
|  79|0x0000000090f00000, 0x0000000090f00000, 0x0000000091000000|  0%| F|  |TAMS 0x0000000090f00000| PB 0x0000000090f00000| Untracked |  0
|  80|0x0000000091000000, 0x00000000910384c0, 0x0000000091100000| 21%| S|CS|TAMS 0x0000000091000000| PB 0x0000000091000000| Complete |  0
|  81|0x0000000091100000, 0x0000000091200000, 0x0000000091200000|100%| S|CS|TAMS 0x0000000091100000| PB 0x0000000091100000| Complete |  0
|  82|0x0000000091200000, 0x0000000091300000, 0x0000000091300000|100%| S|CS|TAMS 0x0000000091200000| PB 0x0000000091200000| Complete |  0
|  83|0x0000000091300000, 0x0000000091300000, 0x0000000091400000|  0%| F|  |TAMS 0x0000000091300000| PB 0x0000000091300000| Untracked |  0
|  84|0x0000000091400000, 0x0000000091400000, 0x0000000091500000|  0%| F|  |TAMS 0x0000000091400000| PB 0x0000000091400000| Untracked |  0
|  85|0x0000000091500000, 0x0000000091500000, 0x0000000091600000|  0%| F|  |TAMS 0x0000000091500000| PB 0x0000000091500000| Untracked |  0
|  86|0x0000000091600000, 0x0000000091600000, 0x0000000091700000|  0%| F|  |TAMS 0x0000000091600000| PB 0x0000000091600000| Untracked |  0
|  87|0x0000000091700000, 0x0000000091700000, 0x0000000091800000|  0%| F|  |TAMS 0x0000000091700000| PB 0x0000000091700000| Untracked |  0
|  88|0x0000000091800000, 0x0000000091800000, 0x0000000091900000|  0%| F|  |TAMS 0x0000000091800000| PB 0x0000000091800000| Untracked |  0
|  89|0x0000000091900000, 0x0000000091900000, 0x0000000091a00000|  0%| F|  |TAMS 0x0000000091900000| PB 0x0000000091900000| Untracked |  0
|  90|0x0000000091a00000, 0x0000000091a00000, 0x0000000091b00000|  0%| F|  |TAMS 0x0000000091a00000| PB 0x0000000091a00000| Untracked |  0
|  91|0x0000000091b00000, 0x0000000091b00000, 0x0000000091c00000|  0%| F|  |TAMS 0x0000000091b00000| PB 0x0000000091b00000| Untracked |  0
|  92|0x0000000091c00000, 0x0000000091c00000, 0x0000000091d00000|  0%| F|  |TAMS 0x0000000091c00000| PB 0x0000000091c00000| Untracked |  0
|  93|0x0000000091d00000, 0x0000000091d00000, 0x0000000091e00000|  0%| F|  |TAMS 0x0000000091d00000| PB 0x0000000091d00000| Untracked |  0
|  94|0x0000000091e00000, 0x0000000091e00000, 0x0000000091f00000|  0%| F|  |TAMS 0x0000000091e00000| PB 0x0000000091e00000| Untracked |  0
|  95|0x0000000091f00000, 0x0000000091f00000, 0x0000000092000000|  0%| F|  |TAMS 0x0000000091f00000| PB 0x0000000091f00000| Untracked |  0
|  96|0x0000000092000000, 0x0000000092000000, 0x0000000092100000|  0%| F|  |TAMS 0x0000000092000000| PB 0x0000000092000000| Untracked |  0
|  97|0x0000000092100000, 0x0000000092100000, 0x0000000092200000|  0%| F|  |TAMS 0x0000000092100000| PB 0x0000000092100000| Untracked |  0
|  98|0x0000000092200000, 0x0000000092200000, 0x0000000092300000|  0%| F|  |TAMS 0x0000000092200000| PB 0x0000000092200000| Untracked |  0
|  99|0x0000000092300000, 0x0000000092300000, 0x0000000092400000|  0%| F|  |TAMS 0x0000000092300000| PB 0x0000000092300000| Untracked |  0
| 100|0x0000000092400000, 0x0000000092400000, 0x0000000092500000|  0%| F|  |TAMS 0x0000000092400000| PB 0x0000000092400000| Untracked |  0
| 101|0x0000000092500000, 0x0000000092500000, 0x0000000092600000|  0%| F|  |TAMS 0x0000000092500000| PB 0x0000000092500000| Untracked |  0
| 102|0x0000000092600000, 0x0000000092600000, 0x0000000092700000|  0%| F|  |TAMS 0x0000000092600000| PB 0x0000000092600000| Untracked |  0
| 103|0x0000000092700000, 0x0000000092700000, 0x0000000092800000|  0%| F|  |TAMS 0x0000000092700000| PB 0x0000000092700000| Untracked |  0
| 104|0x0000000092800000, 0x0000000092800000, 0x0000000092900000|  0%| F|  |TAMS 0x0000000092800000| PB 0x0000000092800000| Untracked |  0
| 105|0x0000000092900000, 0x0000000092900000, 0x0000000092a00000|  0%| F|  |TAMS 0x0000000092900000| PB 0x0000000092900000| Untracked |  0
| 106|0x0000000092a00000, 0x0000000092a2b868, 0x0000000092b00000| 17%| E|  |TAMS 0x0000000092a00000| PB 0x0000000092a00000| Complete |  0
| 107|0x0000000092b00000, 0x0000000092c00000, 0x0000000092c00000|100%| E|CS|TAMS 0x0000000092b00000| PB 0x0000000092b00000| Complete |  0
| 108|0x0000000092c00000, 0x0000000092d00000, 0x0000000092d00000|100%| E|CS|TAMS 0x0000000092c00000| PB 0x0000000092c00000| Complete |  0
| 109|0x0000000092d00000, 0x0000000092e00000, 0x0000000092e00000|100%| E|CS|TAMS 0x0000000092d00000| PB 0x0000000092d00000| Complete |  0
| 110|0x0000000092e00000, 0x0000000092f00000, 0x0000000092f00000|100%| E|CS|TAMS 0x0000000092e00000| PB 0x0000000092e00000| Complete |  0
| 111|0x0000000092f00000, 0x0000000093000000, 0x0000000093000000|100%| E|CS|TAMS 0x0000000092f00000| PB 0x0000000092f00000| Complete |  0
| 112|0x0000000093000000, 0x0000000093100000, 0x0000000093100000|100%| E|CS|TAMS 0x0000000093000000| PB 0x0000000093000000| Complete |  0
| 113|0x0000000093100000, 0x0000000093200000, 0x0000000093200000|100%| E|CS|TAMS 0x0000000093100000| PB 0x0000000093100000| Complete |  0
| 114|0x0000000093200000, 0x0000000093300000, 0x0000000093300000|100%| E|CS|TAMS 0x0000000093200000| PB 0x0000000093200000| Complete |  0
| 115|0x0000000093300000, 0x0000000093400000, 0x0000000093400000|100%| E|CS|TAMS 0x0000000093300000| PB 0x0000000093300000| Complete |  0

Card table byte_map: [0x000002bd7a8a0000,0x000002bd7ac40000] _byte_map_base: 0x000002bd7a440000

Marking Bits: (CMBitMap*) 0x000002bd79c11430
 Bits: [0x000002bd7ac40000, 0x000002bd7c940000)

Polling page: 0x000002bd79380000

Metaspace:

Usage:
  Non-class:     16.87 MB used.
      Class:      2.07 MB used.
       Both:     18.93 MB used.

Virtual space:
  Non-class space:       64.00 MB reserved,      17.00 MB ( 27%) committed,  1 nodes.
      Class space:        1.00 GB reserved,       2.19 MB ( <1%) committed,  1 nodes.
             Both:        1.06 GB reserved,      19.19 MB (  2%) committed. 

Chunk freelists:
   Non-Class:  14.84 MB
       Class:  13.72 MB
        Both:  28.55 MB

MaxMetaspaceSize: unlimited
CompressedClassSpaceSize: 1.00 GB
Initial GC threshold: 21.00 MB
Current GC threshold: 21.00 MB
CDS: on
 - commit_granule_bytes: 65536.
 - commit_granule_words: 8192.
 - virtual_space_node_default_size: 8388608.
 - enlarge_chunks_in_place: 1.
 - use_allocation_guard: 0.


Internal statistics:

num_allocs_failed_limit: 0.
num_arena_births: 274.
num_arena_deaths: 0.
num_vsnodes_births: 2.
num_vsnodes_deaths: 0.
num_space_committed: 307.
num_space_uncommitted: 0.
num_chunks_returned_to_freelist: 0.
num_chunks_taken_from_freelist: 471.
num_chunk_merges: 0.
num_chunk_splits: 289.
num_chunks_enlarged: 152.
num_inconsistent_stats: 0.

CodeHeap 'non-profiled nmethods': size=119168Kb used=1112Kb max_used=1112Kb free=118055Kb
 bounds [0x000002bd0fe30000, 0x000002bd100a0000, 0x000002bd17290000]
CodeHeap 'profiled nmethods': size=119104Kb used=5725Kb max_used=5725Kb free=113378Kb
 bounds [0x000002bd08290000, 0x000002bd08830000, 0x000002bd0f6e0000]
CodeHeap 'non-nmethods': size=7488Kb used=1781Kb max_used=3488Kb free=5706Kb
 bounds [0x000002bd0f6e0000, 0x000002bd0fa60000, 0x000002bd0fe30000]
 total_blobs=3751 nmethods=2958 adapters=697
 compilation: enabled
              stopped_count=0, restarted_count=0
 full_count=0

Compilation events (20 events):
Event: 7.420 Thread 0x000002bd7f9d2af0 nmethod 2951 0x000002bd0881dc90 code [0x000002bd0881e060, 0x000002bd088204d8]
Event: 7.442 Thread 0x000002bd7f9d2af0 2952       3       java.awt.KeyboardFocusManager::checkKFMSecurity (11 bytes)
Event: 7.442 Thread 0x000002bd7f9d2af0 nmethod 2952 0x000002bd08820c90 code [0x000002bd08820e60, 0x000002bd088211a0]
Event: 7.618 Thread 0x000002bd7f9d2af0 2953       3       sun.awt.windows.WInputMethod::dispatchEvent (66 bytes)
Event: 7.618 Thread 0x000002bd7f9d2af0 nmethod 2953 0x000002bd08821310 code [0x000002bd08821500, 0x000002bd08821c90]
Event: 7.634 Thread 0x000002bd7f9d2af0 2954       3       java.awt.Container::getMouseEventTarget (12 bytes)
Event: 7.634 Thread 0x000002bd7f9d2af0 nmethod 2954 0x000002bd08821e10 code [0x000002bd08821fc0, 0x000002bd08822108]
Event: 7.634 Thread 0x000002bd7f9d2af0 2955       3       java.awt.LightweightDispatcher::trackMouseEnterExit (111 bytes)
Event: 7.635 Thread 0x000002bd7f9d2af0 nmethod 2955 0x000002bd08822190 code [0x000002bd088224c0, 0x000002bd08823a00]
Event: 7.723 Thread 0x000002bd7f9d2af0 2956       3       java.awt.LightweightDispatcher::processMouseEvent (268 bytes)
Event: 7.724 Thread 0x000002bd7f9d2af0 nmethod 2956 0x000002bd08824110 code [0x000002bd08824460, 0x000002bd08825bb0]
Event: 7.936 Thread 0x000002bd7f9d2af0 2957       3       javax.swing.JComponent::getGraphics (33 bytes)
Event: 7.936 Thread 0x000002bd7f9d2af0 nmethod 2957 0x000002bd08826190 code [0x000002bd08826380, 0x000002bd08826728]
Event: 7.936 Thread 0x000002bd7f9d2af0 2958       3       java.awt.geom.AffineTransform::getType (17 bytes)
Event: 7.936 Thread 0x000002bd7f9d2af0 nmethod 2958 0x000002bd08826890 code [0x000002bd08826a40, 0x000002bd08826bc0]
Event: 7.936 Thread 0x000002bd7f9d2af0 2959       3       sun.java2d.loops.CompositeType::equals (29 bytes)
Event: 7.936 Thread 0x000002bd7f9d2af0 nmethod 2959 0x000002bd08826c90 code [0x000002bd08826e40, 0x000002bd088271b0]
Event: 11.083 Thread 0x000002bd7f9d2af0 2960       3       sun.java2d.d3d.D3DSurfaceData$D3DWindowSurfaceData::isDirty (18 bytes)
Event: 11.083 Thread 0x000002bd7f9d2af0 nmethod 2960 0x000002bd08827290 code [0x000002bd08827440, 0x000002bd08827668]
Event: 186.125 Thread 0x000002bd7f9d2af0 2961   !   3       java.awt.DefaultKeyboardFocusManager::dispatchEvent (1625 bytes)

GC Heap History (4 events):
Event: 0.922 GC heap before
{Heap before GC invocations=0 (full 0):
 garbage-first heap   total reserved 1900544K, committed 118784K, used 33792K [0x000000008c000000, 0x0000000100000000)
  region size 1024K, 24 young (24576K), 0 survivors (0K)
 Metaspace       used 13798K, committed 14080K, reserved 1114112K
  class space    used 1543K, committed 1664K, reserved 1048576K
}
Event: 0.929 GC heap after
{Heap after GC invocations=1 (full 0):
 garbage-first heap   total reserved 1900544K, committed 118784K, used 16088K [0x000000008c000000, 0x0000000100000000)
  region size 1024K, 3 young (3072K), 3 survivors (3072K)
 Metaspace       used 13798K, committed 14080K, reserved 1114112K
  class space    used 1543K, committed 1664K, reserved 1048576K
}
Event: 4.220 GC heap before
{Heap before GC invocations=1 (full 0):
 garbage-first heap   total reserved 1900544K, committed 118784K, used 80600K [0x000000008c000000, 0x0000000100000000)
  region size 1024K, 33 young (33792K), 3 survivors (3072K)
 Metaspace       used 18629K, committed 18944K, reserved 1114112K
  class space    used 2060K, committed 2176K, reserved 1048576K
}
Event: 4.225 GC heap after
{Heap after GC invocations=2 (full 0):
 garbage-first heap   total reserved 1900544K, committed 118784K, used 53290K [0x000000008c000000, 0x0000000100000000)
  region size 1024K, 3 young (3072K), 3 survivors (3072K)
 Metaspace       used 18629K, committed 18944K, reserved 1114112K
  class space    used 2060K, committed 2176K, reserved 1048576K
}

Dll operation events (12 events):
Event: 0.007 Loaded shared library C:\Program Files\Java\jdk-22\bin\java.dll
Event: 0.037 Loaded shared library C:\Program Files\Java\jdk-22\bin\jsvml.dll
Event: 0.069 Loaded shared library C:\Program Files\Java\jdk-22\bin\jimage.dll
Event: 0.072 Loaded shared library C:\Program Files\Java\jdk-22\bin\net.dll
Event: 0.074 Loaded shared library C:\Program Files\Java\jdk-22\bin\nio.dll
Event: 0.077 Loaded shared library C:\Program Files\Java\jdk-22\bin\zip.dll
Event: 0.115 Loaded shared library C:\Program Files\Java\jdk-22\bin\awt.dll
Event: 0.572 Loaded shared library C:\Program Files\Java\jdk-22\bin\extnet.dll
Event: 0.740 Loaded shared library C:\Program Files\Java\jdk-22\bin\sunmscapi.dll
Event: 0.906 Loaded shared library C:\Program Files\Java\jdk-22\bin\javajpeg.dll
Event: 0.974 Loaded shared library C:\Program Files\Java\jdk-22\bin\freetype.dll
Event: 0.975 Loaded shared library C:\Program Files\Java\jdk-22\bin\fontmanager.dll

Deoptimization events (20 events):
Event: 5.975 Thread 0x000002bd64f382d0 Uncommon trap: trap_request=0xffffff45 fr.pc=0x000002bd0fee3dfc relative=0x000000000000041c
Event: 5.975 Thread 0x000002bd64f382d0 Uncommon trap: reason=unstable_if action=reinterpret pc=0x000002bd0fee3dfc method=java.io.BufferedInputStream.read1([BII)I @ 34 c2
Event: 5.975 Thread 0x000002bd64f382d0 DEOPT PACKING pc=0x000002bd0fee3dfc sp=0x000000dbaea6d830
Event: 5.975 Thread 0x000002bd64f382d0 DEOPT UNPACKING pc=0x000002bd0f7346a2 sp=0x000000dbaea6d7f8 mode 2
Event: 5.978 Thread 0x000002bd64f382d0 Uncommon trap: trap_request=0xffffff6e fr.pc=0x000002bd0feb0298 relative=0x0000000000000458
Event: 5.978 Thread 0x000002bd64f382d0 Uncommon trap: reason=loop_limit_check action=maybe_recompile pc=0x000002bd0feb0298 method=java.lang.StringLatin1.indexOf([BI[BII)I @ 37 c2
Event: 5.978 Thread 0x000002bd64f382d0 DEOPT PACKING pc=0x000002bd0feb0298 sp=0x000000dbaea6db70
Event: 5.978 Thread 0x000002bd64f382d0 DEOPT UNPACKING pc=0x000002bd0f7346a2 sp=0x000000dbaea6daf8 mode 2
Event: 6.986 Thread 0x000002bd64f382d0 DEOPT PACKING pc=0x000002bd085e445a sp=0x000000dbaea6d310
Event: 6.986 Thread 0x000002bd64f382d0 DEOPT UNPACKING pc=0x000002bd0f734e42 sp=0x000000dbaea6c798 mode 0
Event: 6.994 Thread 0x000002bd64f382d0 DEOPT PACKING pc=0x000002bd085e445a sp=0x000000dbaea6cfd0
Event: 6.994 Thread 0x000002bd64f382d0 DEOPT UNPACKING pc=0x000002bd0f734e42 sp=0x000000dbaea6c458 mode 0
Event: 7.010 Thread 0x000002bd64f382d0 Uncommon trap: trap_request=0xffffffde fr.pc=0x000002bd0ff36064 relative=0x0000000000000304
Event: 7.010 Thread 0x000002bd64f382d0 Uncommon trap: reason=class_check action=maybe_recompile pc=0x000002bd0ff36064 method=java.util.regex.Pattern$BmpCharPropertyGreedy.match(Ljava/util/regex/Matcher;ILjava/lang/CharSequence;)Z @ 26 c2
Event: 7.010 Thread 0x000002bd64f382d0 DEOPT PACKING pc=0x000002bd0ff36064 sp=0x000000dbaea6e100
Event: 7.010 Thread 0x000002bd64f382d0 DEOPT UNPACKING pc=0x000002bd0f7346a2 sp=0x000000dbaea6e0b8 mode 2
Event: 7.010 Thread 0x000002bd64f382d0 Uncommon trap: trap_request=0xffffffde fr.pc=0x000002bd0ff36064 relative=0x0000000000000304
Event: 7.010 Thread 0x000002bd64f382d0 Uncommon trap: reason=class_check action=maybe_recompile pc=0x000002bd0ff36064 method=java.util.regex.Pattern$BmpCharPropertyGreedy.match(Ljava/util/regex/Matcher;ILjava/lang/CharSequence;)Z @ 26 c2
Event: 7.010 Thread 0x000002bd64f382d0 DEOPT PACKING pc=0x000002bd0ff36064 sp=0x000000dbaea6e100
Event: 7.010 Thread 0x000002bd64f382d0 DEOPT UNPACKING pc=0x000002bd0f7346a2 sp=0x000000dbaea6e0b8 mode 2

Classes loaded (20 events):
Event: 6.015 Loading class java/awt/ModalEventFilter$1
Event: 6.015 Loading class java/awt/ModalEventFilter$1 done
Event: 6.015 Loading class java/awt/ModalEventFilter$ApplicationModalEventFilter
Event: 6.015 Loading class java/awt/ModalEventFilter$ApplicationModalEventFilter done
Event: 6.015 Loading class sun/awt/ModalityEvent
Event: 6.015 Loading class sun/awt/ModalityEvent done
Event: 6.017 Loading class java/awt/WaitDispatchSupport
Event: 6.017 Loading class java/awt/SecondaryLoop
Event: 6.017 Loading class java/awt/SecondaryLoop done
Event: 6.017 Loading class java/awt/WaitDispatchSupport done
Event: 6.018 Loading class java/awt/WaitDispatchSupport$5
Event: 6.018 Loading class java/awt/WaitDispatchSupport$5 done
Event: 6.018 Loading class java/awt/WaitDispatchSupport$1
Event: 6.018 Loading class java/awt/WaitDispatchSupport$1 done
Event: 6.018 Loading class java/awt/WaitDispatchSupport$2
Event: 6.018 Loading class java/awt/WaitDispatchSupport$2 done
Event: 6.018 Loading class java/awt/WaitDispatchSupport$4
Event: 6.018 Loading class java/awt/WaitDispatchSupport$4 done
Event: 6.970 Loading class sun/awt/SunToolkit$1
Event: 6.970 Loading class sun/awt/SunToolkit$1 done

Classes unloaded (0 events):
No events

Classes redefined (0 events):
No events

Internal exceptions (20 events):
Event: 0.430 Thread 0x000002bd779c35f0 Exception <a 'java/lang/ClassNotFoundException'{0x0000000092c89b68}: com/sun/swing/internal/plaf/metal/resources/spi/metalProvider> (0x0000000092c89b68) 
thrown [s\open\src\hotspot\share\classfile\systemDictionary.cpp, line 313]
Event: 0.430 Thread 0x000002bd779c35f0 Exception <a 'java/lang/ClassNotFoundException'{0x0000000092c8dac8}: com/sun/swing/internal/plaf/basic/resources/spi/basicProvider> (0x0000000092c8dac8) 
thrown [s\open\src\hotspot\share\classfile\systemDictionary.cpp, line 313]
Event: 0.437 Thread 0x000002bd779c35f0 Exception <a 'java/lang/NoSuchMethodError'{0x0000000092cad878}: 'int java.lang.invoke.Invokers$Holder.invokeExact_MT(java.lang.Object, java.lang.Object)'> (0x0000000092cad878) 
thrown [s\open\src\hotspot\share\interpreter\linkResolver.cpp, line 774]
Event: 0.489 Thread 0x000002bd779c35f0 Exception <a 'java/lang/NoSuchMethodError'{0x0000000092a1bcd8}: 'void java.lang.invoke.DirectMethodHandle$Holder.invokeVirtual(java.lang.Object, java.lang.Object)'> (0x0000000092a1bcd8) 
thrown [s\open\src\hotspot\share\interpreter\linkResolver.cpp, line 774]
Event: 0.556 Thread 0x000002bd779c35f0 Exception <a 'java/lang/NoSuchMethodError'{0x0000000092848448}: 'java.lang.Object java.lang.invoke.DirectMethodHandle$Holder.invokeInterface(java.lang.Object, java.lang.Object)'> (0x0000000092848448) 
thrown [s\open\src\hotspot\share\interpreter\linkResolver.cpp, line 774]
Event: 0.599 Thread 0x000002bd779c35f0 Exception <a 'java/lang/NoSuchMethodError'{0x0000000092674d30}: 'java.lang.Object java.lang.invoke.DirectMethodHandle$Holder.invokeStatic(java.lang.Object, long, java.lang.Object)'> (0x0000000092674d30) 
thrown [s\open\src\hotspot\share\interpreter\linkResolver.cpp, line 774]
Event: 0.599 Thread 0x000002bd779c35f0 Exception <a 'java/lang/NoSuchMethodError'{0x0000000092678108}: 'java.lang.Object java.lang.invoke.DirectMethodHandle$Holder.invokeStaticInit(java.lang.Object, long, java.lang.Object)'> (0x0000000092678108) 
thrown [s\open\src\hotspot\share\interpreter\linkResolver.cpp, line 774]
Event: 0.600 Thread 0x000002bd779c35f0 Exception <a 'java/lang/NoSuchMethodError'{0x00000000926a6880}: 'java.lang.Object java.lang.invoke.DirectMethodHandle$Holder.newInvokeSpecial(java.lang.Object, long)'> (0x00000000926a6880) 
thrown [s\open\src\hotspot\share\interpreter\linkResolver.cpp, line 774]
Event: 0.660 Thread 0x000002bd779c35f0 Exception <a 'java/lang/NoSuchMethodError'{0x00000000924167b8}: 'void java.lang.invoke.DirectMethodHandle$Holder.invokeStatic(java.lang.Object, java.lang.Object)'> (0x00000000924167b8) 
thrown [s\open\src\hotspot\share\interpreter\linkResolver.cpp, line 774]
Event: 0.665 Thread 0x000002bd779c35f0 Exception <a 'java/lang/NoSuchMethodError'{0x00000000924217c8}: 'java.lang.Object java.lang.invoke.DirectMethodHandle$Holder.invokeVirtual(java.lang.Object, java.lang.Object, java.lang.Object, java.lang.Object)'> (0x00000000924217c8) 
thrown [s\open\src\hotspot\share\interpreter\linkResolver.cpp, line 774]
Event: 0.666 Thread 0x000002bd779c35f0 Exception <a 'java/lang/NoSuchMethodError'{0x000000009242c1e0}: 'java.lang.Object java.lang.invoke.Invokers$Holder.invokeExact_MT(java.lang.Object, java.lang.Object, java.lang.Object, java.lang.Object, java.lang.Object)'> (0x000000009242c1e0) 
thrown [s\open\src\hotspot\share\interpreter\linkResolver.cpp, line 774]
Event: 0.668 Thread 0x000002bd779c35f0 Exception <a 'java/lang/NoSuchMethodError'{0x00000000924376d8}: 'java.lang.Object java.lang.invoke.DirectMethodHandle$Holder.invokeStaticInit(java.lang.Object, int, int, int, int)'> (0x00000000924376d8) 
thrown [s\open\src\hotspot\share\interpreter\linkResolver.cpp, line 774]
Event: 0.680 Thread 0x000002bd779c35f0 Exception <a 'java/lang/NoSuchMethodError'{0x00000000924e01c8}: 'java.lang.Object java.lang.invoke.DirectMethodHandle$Holder.invokeStaticInit(java.lang.Object, java.lang.Object, int, int, int, int)'> (0x00000000924e01c8) 
thrown [s\open\src\hotspot\share\interpreter\linkResolver.cpp, line 774]
Event: 0.697 Thread 0x000002bd779c35f0 Exception <a 'sun/nio/fs/WindowsException'{0x0000000092363a40}> (0x0000000092363a40) 
thrown [s\open\src\hotspot\share\prims\jni.cpp, line 520]
Event: 0.883 Thread 0x000002bd6525a900 Exception <a 'java/lang/NoSuchMethodError'{0x000000009208fe10}: 'java.lang.Object java.lang.invoke.DirectMethodHandle$Holder.newInvokeSpecial(java.lang.Object, java.lang.Object, java.lang.Object, int, int, int, int, int)'> (0x000000009208fe10) 
thrown [s\open\src\hotspot\share\interpreter\linkResolver.cpp, line 774]
Event: 0.970 Thread 0x000002bd779c35f0 Exception <a 'java/lang/NoSuchMethodError'{0x000000009317b398}: 'void java.lang.invoke.DirectMethodHandle$Holder.invokeStaticInit(java.lang.Object)'> (0x000000009317b398) 
thrown [s\open\src\hotspot\share\interpreter\linkResolver.cpp, line 774]
Event: 0.978 Thread 0x000002bd779c35f0 Exception <a 'java/io/FileNotFoundException'{0x0000000093186ec8}> (0x0000000093186ec8) 
thrown [s\open\src\hotspot\share\prims\jni.cpp, line 520]
Event: 2.830 Thread 0x000002bd6525a900 Implicit null exception at 0x000002bd0fefc4d5 to 0x000002bd0fefcfa0
Event: 2.905 Thread 0x000002bd64f382d0 Exception <a 'java/lang/NoSuchMethodError'{0x0000000091673988}: 'void java.lang.invoke.DirectMethodHandle$Holder.invokeStatic(java.lang.Object, java.lang.Object, java.lang.Object)'> (0x0000000091673988) 
thrown [s\open\src\hotspot\share\interpreter\linkResolver.cpp, line 774]
Event: 6.016 Thread 0x000002bd64f382d0 Exception <a 'java/lang/NoSuchMethodError'{0x0000000092b2f610}: 'int java.lang.invoke.DirectMethodHandle$Holder.invokeStatic(java.lang.Object)'> (0x0000000092b2f610) 
thrown [s\open\src\hotspot\share\interpreter\linkResolver.cpp, line 774]

ZGC Phase Switch (0 events):
No events

VM Operations (20 events):
Event: 4.220 Executing VM operation: G1CollectForAllocation (G1 Evacuation Pause)
Event: 4.225 Executing VM operation: G1CollectForAllocation (G1 Evacuation Pause) done
Event: 5.227 Executing VM operation: Cleanup
Event: 5.227 Executing VM operation: Cleanup done
Event: 5.953 Executing VM operation: HandshakeAllThreads (Deoptimize)
Event: 5.953 Executing VM operation: HandshakeAllThreads (Deoptimize) done
Event: 5.976 Executing VM operation: HandshakeAllThreads (Deoptimize)
Event: 5.976 Executing VM operation: HandshakeAllThreads (Deoptimize) done
Event: 5.982 Executing VM operation: HandshakeAllThreads (Deoptimize)
Event: 5.982 Executing VM operation: HandshakeAllThreads (Deoptimize) done
Event: 6.992 Executing VM operation: Cleanup
Event: 6.992 Executing VM operation: Cleanup done
Event: 8.004 Executing VM operation: Cleanup
Event: 8.004 Executing VM operation: Cleanup done
Event: 60.085 Executing VM operation: HandshakeAllThreads (HandshakeForDeflation)
Event: 60.085 Executing VM operation: HandshakeAllThreads (HandshakeForDeflation) done
Event: 60.085 Executing VM operation: RendezvousGCThreads
Event: 60.085 Executing VM operation: RendezvousGCThreads done
Event: 65.111 Executing VM operation: Cleanup
Event: 65.111 Executing VM operation: Cleanup done

Memory protections (0 events):
No events

Nmethod flushes (0 events):
No events

Events (20 events):
Event: 0.584 Thread 0x000002bd7f9d2af0 Thread added: 0x000002bd64c2fac0
Event: 0.880 Thread 0x000002bd779c35f0 Thread added: 0x000002bd6525a900
Event: 0.955 Thread 0x000002bd17820b00 Thread added: 0x000002bd64f382d0
Event: 1.061 Thread 0x000002bd779c35f0 Thread exited: 0x000002bd779c35f0
Event: 1.061 Thread 0x000002bd6ce2edb0 Thread added: 0x000002bd6ce2edb0
Event: 1.075 Thread 0x000002bd64f382d0 Thread added: 0x000002bd6ce30e80
Event: 1.162 Thread 0x000002bd64f382d0 Thread added: 0x000002bd6ce307f0
Event: 1.378 Thread 0x000002bd64c2fac0 Thread exited: 0x000002bd64c2fac0
Event: 1.403 Thread 0x000002bd64b48bf0 Thread exited: 0x000002bd64b48bf0
Event: 2.605 Thread 0x000002bd7f9d2af0 Thread added: 0x000002bd6ccb6fd0
Event: 2.730 Thread 0x000002bd1754ac40 Thread added: 0x000002bd6527a8d0
Event: 3.202 Thread 0x000002bd6527a8d0 Thread exited: 0x000002bd6527a8d0
Event: 3.218 Thread 0x000002bd6ccb6fd0 Thread exited: 0x000002bd6ccb6fd0
Event: 5.951 Thread 0x000002bd7f9b1020 Thread added: 0x000002bd17a02a00
Event: 5.961 Thread 0x000002bd1754ac40 Thread added: 0x000002bd175eee80
Event: 6.787 Thread 0x000002bd17a02a00 Thread exited: 0x000002bd17a02a00
Event: 6.787 Thread 0x000002bd175eee80 Thread exited: 0x000002bd175eee80
Event: 6.788 Thread 0x000002bd1754ac40 Thread exited: 0x000002bd1754ac40
Event: 6.788 Thread 0x000002bd17430f00 Thread exited: 0x000002bd17430f00
Event: 10.989 Thread 0x000002bd6525a900 Thread exited: 0x000002bd6525a900


Dynamic libraries:
0x00007ff7018b0000 - 0x00007ff7018c0000 	C:\Program Files\Java\jdk-22\bin\java.exe
0x00007ffb7ed30000 - 0x00007ffb7ef47000 	C:\WINDOWS\SYSTEM32\ntdll.dll
0x00007ffb7d740000 - 0x00007ffb7d804000 	C:\WINDOWS\System32\KERNEL32.DLL
0x00007ffb7c620000 - 0x00007ffb7c9d9000 	C:\WINDOWS\System32\KERNELBASE.dll
0x00007ffb7c4d0000 - 0x00007ffb7c5e1000 	C:\WINDOWS\System32\ucrtbase.dll
0x00007ffb755f0000 - 0x00007ffb7560b000 	C:\Program Files\Java\jdk-22\bin\VCRUNTIME140.dll
0x00007ffb722d0000 - 0x00007ffb722e7000 	C:\Program Files\Java\jdk-22\bin\jli.dll
0x00007ffb7cd40000 - 0x00007ffb7ceee000 	C:\WINDOWS\System32\USER32.dll
0x00007ffb6aea0000 - 0x00007ffb6b132000 	C:\WINDOWS\WinSxS\amd64_microsoft.windows.common-controls_6595b64144ccf1df_6.0.22621.4391_none_2715d37f73803e96\COMCTL32.dll
0x00007ffb7c420000 - 0x00007ffb7c446000 	C:\WINDOWS\System32\win32u.dll
0x00007ffb7d5c0000 - 0x00007ffb7d667000 	C:\WINDOWS\System32\msvcrt.dll
0x00007ffb7d280000 - 0x00007ffb7d2a9000 	C:\WINDOWS\System32\GDI32.dll
0x00007ffb7c030000 - 0x00007ffb7c14b000 	C:\WINDOWS\System32\gdi32full.dll
0x00007ffb7c2c0000 - 0x00007ffb7c35a000 	C:\WINDOWS\System32\msvcp_win.dll
0x00007ffb7e740000 - 0x00007ffb7e771000 	C:\WINDOWS\System32\IMM32.DLL
0x00007ffb791d0000 - 0x00007ffb791dc000 	C:\Program Files\Java\jdk-22\bin\vcruntime140_1.dll
0x00007ffb2e700000 - 0x00007ffb2e78e000 	C:\Program Files\Java\jdk-22\bin\msvcp140.dll
0x00007ffaf30b0000 - 0x00007ffaf3df9000 	C:\Program Files\Java\jdk-22\bin\server\jvm.dll
0x00007ffb7d810000 - 0x00007ffb7d8c2000 	C:\WINDOWS\System32\ADVAPI32.dll
0x00007ffb7ec40000 - 0x00007ffb7ece7000 	C:\WINDOWS\System32\sechost.dll
0x00007ffb7c5f0000 - 0x00007ffb7c618000 	C:\WINDOWS\System32\bcrypt.dll
0x00007ffb7d160000 - 0x00007ffb7d274000 	C:\WINDOWS\System32\RPCRT4.dll
0x00007ffb7d6c0000 - 0x00007ffb7d731000 	C:\WINDOWS\System32\WS2_32.dll
0x00007ffb7bd50000 - 0x00007ffb7bd9d000 	C:\WINDOWS\SYSTEM32\POWRPROF.dll
0x00007ffb75470000 - 0x00007ffb754a4000 	C:\WINDOWS\SYSTEM32\WINMM.dll
0x00007ffb734a0000 - 0x00007ffb734aa000 	C:\WINDOWS\SYSTEM32\VERSION.dll
0x00007ffb7bd30000 - 0x00007ffb7bd43000 	C:\WINDOWS\SYSTEM32\UMPDC.dll
0x00007ffb7b040000 - 0x00007ffb7b058000 	C:\WINDOWS\SYSTEM32\kernel.appcore.dll
0x00007ffb78b00000 - 0x00007ffb78b0a000 	C:\Program Files\Java\jdk-22\bin\jimage.dll
0x00007ffb72800000 - 0x00007ffb72a32000 	C:\WINDOWS\SYSTEM32\DBGHELP.DLL
0x00007ffb7e8b0000 - 0x00007ffb7ec3f000 	C:\WINDOWS\System32\combase.dll
0x00007ffb7cc50000 - 0x00007ffb7cd27000 	C:\WINDOWS\System32\OLEAUT32.dll
0x00007ffb72620000 - 0x00007ffb72652000 	C:\WINDOWS\SYSTEM32\dbgcore.DLL
0x00007ffb7c450000 - 0x00007ffb7c4cb000 	C:\WINDOWS\System32\bcryptPrimitives.dll
0x00007ffb6b790000 - 0x00007ffb6b7ae000 	C:\Program Files\Java\jdk-22\bin\java.dll
0x00007ffb7de60000 - 0x00007ffb7e6d6000 	C:\WINDOWS\System32\SHELL32.dll
0x00007ffb7d2b0000 - 0x00007ffb7d455000 	C:\WINDOWS\System32\ole32.dll
0x00007ffb79ef0000 - 0x00007ffb7a7f3000 	C:\WINDOWS\SYSTEM32\windows.storage.dll
0x00007ffb79db0000 - 0x00007ffb79eef000 	C:\WINDOWS\SYSTEM32\wintypes.dll
0x00007ffb7dd50000 - 0x00007ffb7de49000 	C:\WINDOWS\System32\SHCORE.dll
0x00007ffb7cb50000 - 0x00007ffb7cbae000 	C:\WINDOWS\System32\shlwapi.dll
0x00007ffb7bf60000 - 0x00007ffb7bf8b000 	C:\WINDOWS\SYSTEM32\profapi.dll
0x00007ffb2c4c0000 - 0x00007ffb2c597000 	C:\Program Files\Java\jdk-22\bin\jsvml.dll
0x00007ffb755e0000 - 0x00007ffb755f0000 	C:\Program Files\Java\jdk-22\bin\net.dll
0x00007ffb7b4b0000 - 0x00007ffb7b519000 	C:\WINDOWS\system32\mswsock.dll
0x00007ffb69260000 - 0x00007ffb69276000 	C:\Program Files\Java\jdk-22\bin\nio.dll
0x00007ffb69200000 - 0x00007ffb69217000 	C:\Program Files\Java\jdk-22\bin\zip.dll
0x00007ffb17360000 - 0x00007ffb174ee000 	C:\Program Files\Java\jdk-22\bin\awt.dll
0x00007ffb776b0000 - 0x00007ffb77747000 	C:\WINDOWS\SYSTEM32\apphelp.dll
0x00007ffb79710000 - 0x00007ffb7973b000 	C:\WINDOWS\system32\DWMAPI.DLL
0x00007ffb79470000 - 0x00007ffb79521000 	C:\WINDOWS\system32\uxtheme.dll
0x00007ffb236e0000 - 0x00007ffb237e0000 	C:\WINDOWS\system32\opengl32.dll
0x00007ffb31f10000 - 0x00007ffb31f3d000 	C:\WINDOWS\SYSTEM32\GLU32.dll
0x00007ffb795a0000 - 0x00007ffb795d7000 	C:\WINDOWS\SYSTEM32\dxcore.dll
0x00007ffb7d460000 - 0x00007ffb7d5c0000 	C:\WINDOWS\System32\MSCTF.dll
0x00007ffb55b10000 - 0x00007ffb55cb8000 	C:\WINDOWS\system32\d3d9.dll
0x00007ffb795e0000 - 0x00007ffb796d7000 	C:\WINDOWS\SYSTEM32\dxgi.dll
0x00007ffb751f0000 - 0x00007ffb75239000 	C:\WINDOWS\SYSTEM32\directxdatabasehelper.dll
0x00007ffb7bc50000 - 0x00007ffb7bc62000 	C:\WINDOWS\SYSTEM32\msasn1.dll
0x00007ffb73460000 - 0x00007ffb73492000 	C:\WINDOWS\SYSTEM32\cryptnet.dll
0x00007ffb7c150000 - 0x00007ffb7c2b6000 	C:\WINDOWS\System32\CRYPT32.dll
0x00007ffb7b720000 - 0x00007ffb7b72c000 	C:\WINDOWS\SYSTEM32\cryptbase.dll
0x00007ffb7c9e0000 - 0x00007ffb7ca4c000 	C:\WINDOWS\System32\wintrust.dll
0x00007ffb7e800000 - 0x00007ffb7e81f000 	C:\WINDOWS\System32\imagehlp.dll
0x00007ffb7b730000 - 0x00007ffb7b74b000 	C:\WINDOWS\SYSTEM32\CRYPTSP.dll
0x00007ffb7af90000 - 0x00007ffb7afc5000 	C:\WINDOWS\system32\rsaenh.dll
0x00007ffb503a0000 - 0x00007ffb5045e000 	C:\WINDOWS\System32\DriverStore\FileRepository\nvamig.inf_amd64_5465a98f7cbb7825\nvldumdx.dll
0x00007ffb732f0000 - 0x00007ffb73452000 	C:\WINDOWS\SYSTEM32\drvstore.dll
0x00007ffb7bc70000 - 0x00007ffb7bc9c000 	C:\WINDOWS\SYSTEM32\devobj.dll
0x00007ffb7bca0000 - 0x00007ffb7bcee000 	C:\WINDOWS\SYSTEM32\cfgmgr32.dll
0x00007ffb7b860000 - 0x00007ffb7b8a9000 	C:\WINDOWS\SYSTEM32\wldp.dll
0x00007ffb42760000 - 0x00007ffb4497e000 	C:\WINDOWS\System32\DriverStore\FileRepository\nvamig.inf_amd64_5465a98f7cbb7825\nvgpucomp64.dll
0x00007ffaea310000 - 0x00007ffaec6bf000 	C:\WINDOWS\System32\DriverStore\FileRepository\nvamig.inf_amd64_5465a98f7cbb7825\nvd3dumx.dll
0x00007ffb0a3b0000 - 0x00007ffb0a680000 	C:\WINDOWS\system32\nvspcap64.dll
0x00007ffb7b150000 - 0x00007ffb7b184000 	C:\WINDOWS\SYSTEM32\ntmarta.dll
0x00007ffb7b550000 - 0x00007ffb7b576000 	C:\WINDOWS\SYSTEM32\gpapi.dll
0x00007ffb71480000 - 0x00007ffb7163b000 	C:\WINDOWS\System32\DriverStore\FileRepository\u0383113.inf_amd64_9242eb4af0e982f6\B383140\aticfx64.dll
0x00007ffad85d0000 - 0x00007ffada39f000 	C:\WINDOWS\System32\DriverStore\FileRepository\u0383113.inf_amd64_9242eb4af0e982f6\B383140\amdxn64.dll
0x00007ffb7d8d0000 - 0x00007ffb7dd44000 	C:\WINDOWS\System32\SETUPAPI.dll
0x00007ffb6f410000 - 0x00007ffb6f445000 	C:\WINDOWS\SYSTEM32\amdihk64.dll
0x00007ffb755c0000 - 0x00007ffb755c9000 	C:\Program Files\Java\jdk-22\bin\extnet.dll
0x00007ffb29460000 - 0x00007ffb29477000 	C:\WINDOWS\system32\napinsp.dll
0x00007ffb29440000 - 0x00007ffb2945b000 	C:\WINDOWS\system32\pnrpnsp.dll
0x00007ffb7aa90000 - 0x00007ffb7ab92000 	C:\WINDOWS\SYSTEM32\DNSAPI.dll
0x00007ffb7aa60000 - 0x00007ffb7aa8d000 	C:\WINDOWS\SYSTEM32\IPHLPAPI.DLL
0x00007ffb7cd30000 - 0x00007ffb7cd39000 	C:\WINDOWS\System32\NSI.dll
0x00007ffb29420000 - 0x00007ffb29431000 	C:\WINDOWS\System32\winrnr.dll
0x00007ffb515e0000 - 0x00007ffb515f5000 	C:\WINDOWS\system32\wshbth.dll
0x00007ffb293f0000 - 0x00007ffb29417000 	C:\WINDOWS\system32\nlansp_c.dll
0x00007ffb77ed0000 - 0x00007ffb77eda000 	C:\Windows\System32\rasadhlp.dll
0x00007ffb778b0000 - 0x00007ffb77933000 	C:\WINDOWS\System32\fwpuclnt.dll
0x00007ffb7b590000 - 0x00007ffb7b5b8000 	C:\WINDOWS\SYSTEM32\USERENV.dll
0x00007ffb6ba10000 - 0x00007ffb6ba1e000 	C:\Program Files\Java\jdk-22\bin\sunmscapi.dll
0x00007ffb7b950000 - 0x00007ffb7b97d000 	C:\WINDOWS\SYSTEM32\ncrypt.dll
0x00007ffb7b910000 - 0x00007ffb7b947000 	C:\WINDOWS\SYSTEM32\NTASN1.dll
0x00007ffb561d0000 - 0x00007ffb561fe000 	C:\Program Files\Java\jdk-22\bin\javajpeg.dll
0x00007ffb2c430000 - 0x00007ffb2c4b7000 	C:\Program Files\Java\jdk-22\bin\freetype.dll
0x00007ffb21900000 - 0x00007ffb219d7000 	C:\Program Files\Java\jdk-22\bin\fontmanager.dll
0x00007ffb7d0b0000 - 0x00007ffb7d160000 	C:\WINDOWS\System32\clbcatq.dll
0x00007ffb792b0000 - 0x00007ffb79460000 	C:\WINDOWS\SYSTEM32\WindowsCodecs.dll
0x00007ffb63dc0000 - 0x00007ffb63e1e000 	C:\WINDOWS\system32\dataexchange.dll
0x00007ffb77960000 - 0x00007ffb77c04000 	C:\WINDOWS\system32\twinapi.appcore.dll
0x00007ffb67430000 - 0x00007ffb67575000 	C:\WINDOWS\SYSTEM32\textinputframework.dll
0x00007ffb773c0000 - 0x00007ffb774f3000 	C:\WINDOWS\SYSTEM32\CoreMessaging.dll
0x00007ffb74530000 - 0x00007ffb7489d000 	C:\WINDOWS\SYSTEM32\CoreUIComponents.dll

dbghelp: loaded successfully - version: 4.0.5 - missing functions: none
symbol engine: initialized successfully - sym options: 0x614 - pdb path: .;C:\Program Files\Java\jdk-22\bin;C:\WINDOWS\SYSTEM32;C:\WINDOWS\WinSxS\amd64_microsoft.windows.common-controls_6595b64144ccf1df_6.0.22621.4391_none_2715d37f73803e96;C:\Program Files\Java\jdk-22\bin\server;C:\WINDOWS\System32\DriverStore\FileRepository\nvamig.inf_amd64_5465a98f7cbb7825;C:\WINDOWS\System32\DriverStore\FileRepository\u0383113.inf_amd64_9242eb4af0e982f6\B383140

VM Arguments:
jvm_args: -XX:+ShowCodeDetailsInExceptionMessages 
java_command: GUI.GUILogin
java_class_path (initial): D:\PTTKHTTT\laptrinhjava\PTTKHTTT\laptrinhjava\bin;D:\PTTKHTTT\laptrinhjava\PTTKHTTT\laptrinhjava\lib\mssql-jdbc-12.6.1.jre11.jar;D:\PTTKHTTT\laptrinhjava\PTTKHTTT\laptrinhjava\lib\poi-integration-5.0.0.jar;D:\PTTKHTTT\laptrinhjava\PTTKHTTT\laptrinhjava\lib\poi-ooxml-lite-5.0.0.jar;D:\PTTKHTTT\laptrinhjava\PTTKHTTT\laptrinhjava\lib\poi-excelant-5.0.0.jar;D:\PTTKHTTT\laptrinhjava\PTTKHTTT\laptrinhjava\lib\poi-examples-5.0.0.jar;D:\PTTKHTTT\laptrinhjava\PTTKHTTT\laptrinhjava\lib\poi-ooxml-5.0.0.jar;D:\PTTKHTTT\laptrinhjava\PTTKHTTT\laptrinhjava\lib\poi-ooxml-full-5.0.0.jar;D:\PTTKHTTT\laptrinhjava\PTTKHTTT\laptrinhjava\lib\poi-scratchpad-5.0.0.jar;D:\PTTKHTTT\laptrinhjava\PTTKHTTT\laptrinhjava\lib\poi-5.0.0.jar;D:\PTTKHTTT\laptrinhjava\PTTKHTTT\laptrinhjava\lib\commons-compress-1.20.jar;D:\PTTKHTTT\laptrinhjava\PTTKHTTT\laptrinhjava\lib\xmlbeans-4.0.0.jar;D:\PTTKHTTT\laptrinhjava\PTTKHTTT\laptrinhjava\lib\curvesapi-1.06.jar;D:\PTTKHTTT\laptrinhjava\PTTKHTTT\laptrinhjava\lib\commons-math3-3.6.1.jar;D:\PTTKHTTT\laptrinhjava\PTTKHTTT\laptrinhjava\lib\SparseBitSet-1.2.jar;D:\PTTKHTTT\laptrinhjava\PTTKHTTT\laptrinhjava\lib\commons-collections4-4.4.jar;D:\PTTKHTTT\laptrinhjava\PTTKHTTT\laptrinhjava\lib\commons-codec-1.15.jar;D:\PTTKHTTT\laptrinhjava\PTTKHTTT\laptrinhjava\lib\hamcrest-core-1.3.jar;D:\PTTKHTTT\laptrinhjava\PTTKHTTT\laptrinhjava\lib\jcommon-1.0.23.jar;D:\PTTKHTTT\laptrinhjava\PTTKHTTT\laptrinhjava\lib\jfreechart-1.0.19.jar;D:\PTTKHTTT\laptrinhjava\PTTKHTTT\laptrinhjava\lib\jfreechart-1.0.19-experimental.jar;D:\PTTKHTTT\laptrinhjava\PTTKHTTT\laptrinhjava\lib\jfreechart-1.0.19-swt.jar;D:\PTTKHTTT\laptrinhjava\PTTKHTTT\laptrinhjava\lib\jfreesvg-2.0.jar;D:\PTTKHTTT\laptrinhjava\PTTKHTTT\laptrinhjava\lib\junit-4.11.jar;D:\PTTKHTTT\laptrinhjava\PTTKHTTT\laptrinhjava\lib\orsoncharts-1.4-eval-nofx.jar;D:\PTTKHTTT\laptrinhjava\PTTKHTTT\laptrinhjava\lib\orsonpdf-1.6-eval.jar;D:\PTTKHTTT\laptrinhjava\PTTKHTTT\laptrinhjava\lib\servlet.jar;D:\PTTKHTTT\laptrinhjava\PTTKHTTT\laptrinhjava\lib\swtgraphics2d.jar
Launcher Type: SUN_STANDARD

[Global flags]
     intx CICompilerCount                          = 12                                        {product} {ergonomic}
     uint ConcGCThreads                            = 3                                         {product} {ergonomic}
     uint G1ConcRefinementThreads                  = 13                                        {product} {ergonomic}
   size_t G1HeapRegionSize                         = 1048576                                   {product} {ergonomic}
   size_t InitialHeapSize                          = 121634816                                 {product} {ergonomic}
   size_t MarkStackSize                            = 4194304                                   {product} {ergonomic}
   size_t MaxHeapSize                              = 1946157056                                {product} {ergonomic}
   size_t MaxNewSize                               = 1167065088                                {product} {ergonomic}
   size_t MinHeapDeltaBytes                        = 1048576                                   {product} {ergonomic}
   size_t MinHeapSize                              = 8388608                                   {product} {ergonomic}
    uintx NonNMethodCodeHeapSize                   = 7602480                                {pd product} {ergonomic}
    uintx NonProfiledCodeHeapSize                  = 122027880                              {pd product} {ergonomic}
    uintx ProfiledCodeHeapSize                     = 122027880                              {pd product} {ergonomic}
    uintx ReservedCodeCacheSize                    = 251658240                              {pd product} {ergonomic}
     bool SegmentedCodeCache                       = true                                      {product} {ergonomic}
     bool ShowCodeDetailsInExceptionMessages       = true                                   {manageable} {command line}
   size_t SoftMaxHeapSize                          = 1946157056                             {manageable} {ergonomic}
     bool UseCompressedOops                        = true                           {product lp64_product} {ergonomic}
     bool UseG1GC                                  = true                                      {product} {ergonomic}
     bool UseLargePagesIndividualAllocation        = false                                  {pd product} {ergonomic}

Logging:
Log output configuration:
 #0: stdout all=warning uptime,level,tags foldmultilines=false
 #1: stderr all=off uptime,level,tags foldmultilines=false

Environment Variables:
PATH=C:\Program Files\Common Files\Oracle\Java\javapath;C:\Program Files (x86)\Common Files\Oracle\Java\javapath;C:\Windows\system32;C:\Windows;C:\Windows\System32\Wbem;C:\Windows\System32\WindowsPowerShell\v1.0\;C:\Windows\System32\OpenSSH\;C:\Program Files (x86)\NVIDIA Corporation\PhysX\Common;C:\Program Files\NVIDIA Corporation\NVIDIA NvDLISR;C:\Program Files\dotnet\;C:\msys64\ucrt64\bin;C:\Program Files\Java\jdk-22\bin;C:\WINDOWS\system32;C:\WINDOWS;C:\WINDOWS\System32\Wbem;C:\WINDOWS\System32\WindowsPowerShell\v1.0\;C:\WINDOWS\System32\OpenSSH\;C:\Program Files\Git\cmd;C:\Program Files (x86)\Microsoft SQL Server\160\DTS\Binn\;C:\Program Files (x86)\Microsoft SQL Server\160\Tools\Binn\;C:\Program Files\Microsoft SQL Server\160\Tools\Binn\;C:\Program Files\Microsoft SQL Server\Client SDK\ODBC\170\Tools\Binn\;C:\Program Files\Microsoft SQL Server\160\DTS\Binn\;C:\Program Files\nodejs\;C:\Program Files\Cloudflare\Cloudflare WARP\;C:\Users\ASUS\AppData\Local\Microsoft\WindowsApps;C:\Users\ASUS\AppData\Local\Programs\Microsoft VS Code\bin;C:\Users\ASUS\AppData\Local\GitHubDesktop\bin;C:\Users\ASUS\AppData\Roaming\npm
USERNAME=ASUS
LANG=en_US.UTF-8
OS=Windows_NT
PROCESSOR_IDENTIFIER=AMD64 Family 25 Model 68 Stepping 1, AuthenticAMD
TMP=C:\Users\ASUS\AppData\Local\Temp
TEMP=C:\Users\ASUS\AppData\Local\Temp




Periodic native trim disabled

---------------  S Y S T E M  ---------------

OS:
 Windows 11 , 64 bit Build 22621 (10.0.22621.4391)
OS uptime: 2 days 20:29 hours
Hyper-V role detected

CPU: total 16 (initial active 16) (16 cores per cpu, 2 threads per core) family 25 model 68 stepping 1 microcode 0x0, cx8, cmov, fxsr, ht, mmx, 3dnowpref, sse, sse2, sse3, ssse3, sse4a, sse4.1, sse4.2, popcnt, lzcnt, tsc, tscinvbit, avx, avx2, aes, clmul, bmi1, bmi2, adx, sha, fma, vzeroupper, clflush, clflushopt, hv, rdtscp, rdpid, f16c, cet_ss
Processor Information for all 16 processors :
  Max Mhz: 3201, Current Mhz: 3201, Mhz Limit: 3201

Memory: 4k page, system-wide physical 7421M (406M free)
TotalPageFile size 29910M (AvailPageFile size 86M)
current process WorkingSet (physical memory assigned to process): 221M, peak: 245M
current process commit charge ("private bytes"): 370M, peak: 397M

vm_info: Java HotSpot(TM) 64-Bit Server VM (22.0.2+9-70) for windows-amd64 JRE (22.0.2+9-70), built on 2024-06-04T16:52:23Z by "mach5one" with MS VC++ 17.6 (VS2022)

END.
